  [4;36;1mSQL (1.0ms)[0m   [0;1m SELECT name
 FROM sqlite_master
 WHERE type = 'table' AND NOT name = 'sqlite_sequence'
[0m
  [4;35;1mSQL (0.0ms)[0m   [0mselect sqlite_version(*)[0m
  [4;36;1mSQL (131.0ms)[0m   [0;1mCREATE TABLE "schema_migrations" ("version" varchar(255) NOT NULL) [0m
  [4;35;1mSQL (13.0ms)[0m   [0mCREATE UNIQUE INDEX "unique_schema_migrations" ON "schema_migrations" ("version")[0m
  [4;36;1mSQL (1.0ms)[0m   [0;1m SELECT name
 FROM sqlite_master
 WHERE type = 'table' AND NOT name = 'sqlite_sequence'
[0m
  [4;35;1mSQL (0.0ms)[0m   [0m SELECT name
 FROM sqlite_master
 WHERE type = 'table' AND NOT name = 'sqlite_sequence'
[0m
  [4;36;1mSQL (0.0ms)[0m   [0;1mSELECT version FROM schema_migrations[0m
  [4;35;1mSQL (1.0ms)[0m   [0m SELECT name
 FROM sqlite_master
 WHERE type = 'table' AND NOT name = 'sqlite_sequence'
[0m
  [4;36;1mSQL (1.0ms)[0m   [0;1m SELECT name
 FROM sqlite_master
 WHERE type = 'table' AND NOT name = 'sqlite_sequence'
[0m
  [4;35;1mSQL (0.0ms)[0m   [0mSELECT version FROM schema_migrations[0m
Migrating to CreateEntries (20111120003354)
  [4;36;1mSQL (0.0ms)[0m   [0;1mselect sqlite_version(*)[0m
  [4;35;1mSQL (2.0ms)[0m   [0mCREATE TABLE "entries" ("id" INTEGER PRIMARY KEY AUTOINCREMENT NOT NULL, "title" varchar(255), "content" text, "created_at" datetime, "updated_at" datetime) [0m
  [4;36;1mSQL (0.0ms)[0m   [0;1mINSERT INTO schema_migrations (version) VALUES ('20111120003354')[0m
  [4;35;1mSQL (0.0ms)[0m   [0m SELECT name
 FROM sqlite_master
 WHERE type = 'table' AND NOT name = 'sqlite_sequence'
[0m
  [4;36;1mSQL (0.0ms)[0m   [0;1mSELECT version FROM schema_migrations[0m
  [4;35;1mSQL (0.0ms)[0m   [0m SELECT name
 FROM sqlite_master
 WHERE type = 'table' AND NOT name = 'sqlite_sequence'
[0m
  [4;36;1mSQL (0.0ms)[0m   [0;1mPRAGMA index_list("entries")[0m


Processing ApplicationController#index (for 127.0.0.1 at 2011-11-19 16:52:59) [GET]

ActionController::RoutingError (No route matches "/entities" with {:method=>:get}):
  <internal:prelude>:10:in `synchronize'
  C:/Ruby192/lib/ruby/1.9.1/webrick/httpserver.rb:111:in `service'
  C:/Ruby192/lib/ruby/1.9.1/webrick/httpserver.rb:70:in `run'
  C:/Ruby192/lib/ruby/1.9.1/webrick/server.rb:183:in `block in start_thread'

Rendering rescues/layout (not_found)


Processing ApplicationController#index (for 127.0.0.1 at 2011-11-19 16:53:19) [GET]

ActionController::RoutingError (No route matches "/entities" with {:method=>:get}):
  <internal:prelude>:10:in `synchronize'
  C:/Ruby192/lib/ruby/1.9.1/webrick/httpserver.rb:111:in `service'
  C:/Ruby192/lib/ruby/1.9.1/webrick/httpserver.rb:70:in `run'
  C:/Ruby192/lib/ruby/1.9.1/webrick/server.rb:183:in `block in start_thread'

Rendering rescues/layout (not_found)


Processing ApplicationController#index (for fe80::f540:b14e:2e61:ba04%28 at 2011-11-19 16:53:57) [GET]

ActionController::RoutingError (No route matches "/entities" with {:method=>:get}):
  <internal:prelude>:10:in `synchronize'
  C:/Ruby192/lib/ruby/1.9.1/webrick/httpserver.rb:111:in `service'
  C:/Ruby192/lib/ruby/1.9.1/webrick/httpserver.rb:70:in `run'
  C:/Ruby192/lib/ruby/1.9.1/webrick/server.rb:183:in `block in start_thread'

Rendering rescues/layout (not_found)


Processing Rails::InfoController#properties (for 127.0.0.1 at 2011-11-19 16:54:40) [GET]
  [4;36;1mSQL (1.0ms)[0m   [0;1m SELECT name
 FROM sqlite_master
 WHERE type = 'table' AND NOT name = 'sqlite_sequence'
[0m
  [4;35;1mSQL (0.0ms)[0m   [0mSELECT version FROM schema_migrations[0m
Completed in 409ms (View: 13, DB: 1) | 200 OK [http://localhost/rails/info/properties]


Processing EntriesController#index (for 127.0.0.1 at 2011-11-19 16:55:40) [GET]
  [4;36;1mEntry Load (0.0ms)[0m   [0;1mSELECT * FROM "entries" [0m
Rendering template within layouts/entries
Rendering entries/index
Completed in 2599ms (View: 2591, DB: 0) | 200 OK [http://localhost/entries]


Processing EntriesController#new (for 127.0.0.1 at 2011-11-19 16:56:20) [GET]
Rendering template within layouts/entries
Rendering entries/new
Completed in 18ms (View: 9, DB: 0) | 200 OK [http://localhost/entries/new]


Processing EntriesController#show (for 127.0.0.1 at 2011-11-19 16:57:47) [GET]
  Parameters: {"id"=>"list"}
  [4;35;1mEntry Load (0.0ms)[0m   [0mSELECT * FROM "entries" WHERE ("entries"."id" = 0) [0m

ActiveRecord::RecordNotFound (Couldn't find Entry with ID=list):
  app/controllers/entries_controller.rb:16:in `show'
  <internal:prelude>:10:in `synchronize'
  C:/Ruby192/lib/ruby/1.9.1/webrick/httpserver.rb:111:in `service'
  C:/Ruby192/lib/ruby/1.9.1/webrick/httpserver.rb:70:in `run'
  C:/Ruby192/lib/ruby/1.9.1/webrick/server.rb:183:in `block in start_thread'

Rendered rescues/_trace (15.0ms)
Rendered rescues/_request_and_response (1.0ms)
Rendering rescues/layout (not_found)
/!\ FAILSAFE /!\  2011-11-19 17:36:13 -0800
  Status: 500 Internal Server Error
  c:/mydiary/mydiary/config/routes.rb:2: syntax error, unexpected tASSOC, expecting ')'
  map.resources :entries, :collection => (:view_all => :get)
                                                      ^
    C:/Ruby192/lib/ruby/gems/1.9.1/gems/activesupport-2.3.2/lib/active_support/dependencies.rb:145:in `load'
    C:/Ruby192/lib/ruby/gems/1.9.1/gems/activesupport-2.3.2/lib/active_support/dependencies.rb:145:in `block in load_with_new_constant_marking'
    C:/Ruby192/lib/ruby/gems/1.9.1/gems/activesupport-2.3.2/lib/active_support/dependencies.rb:521:in `new_constants_in'
    C:/Ruby192/lib/ruby/gems/1.9.1/gems/activesupport-2.3.2/lib/active_support/dependencies.rb:145:in `load_with_new_constant_marking'
    C:/Ruby192/lib/ruby/gems/1.9.1/gems/actionpack-2.3.2/lib/action_controller/routing/route_set.rb:286:in `block in load_routes!'
    C:/Ruby192/lib/ruby/gems/1.9.1/gems/actionpack-2.3.2/lib/action_controller/routing/route_set.rb:286:in `each'
    C:/Ruby192/lib/ruby/gems/1.9.1/gems/actionpack-2.3.2/lib/action_controller/routing/route_set.rb:286:in `load_routes!'
    C:/Ruby192/lib/ruby/gems/1.9.1/gems/actionpack-2.3.2/lib/action_controller/routing/route_set.rb:266:in `load!'
    C:/Ruby192/lib/ruby/gems/1.9.1/gems/actionpack-2.3.2/lib/action_controller/routing/route_set.rb:281:in `reload'
    C:/Ruby192/lib/ruby/gems/1.9.1/gems/actionpack-2.3.2/lib/action_controller/dispatcher.rb:59:in `reload_application'
    C:/Ruby192/lib/ruby/gems/1.9.1/gems/actionpack-2.3.2/lib/action_controller/reloader.rb:8:in `call'
    C:/Ruby192/lib/ruby/gems/1.9.1/gems/actionpack-2.3.2/lib/action_controller/failsafe.rb:11:in `call'
    C:/Ruby192/lib/ruby/gems/1.9.1/gems/actionpack-2.3.2/lib/action_controller/vendor/rack-1.0/rack/lock.rb:11:in `block in call'
    <internal:prelude>:10:in `synchronize'
    C:/Ruby192/lib/ruby/gems/1.9.1/gems/actionpack-2.3.2/lib/action_controller/vendor/rack-1.0/rack/lock.rb:11:in `call'
    C:/Ruby192/lib/ruby/gems/1.9.1/gems/actionpack-2.3.2/lib/action_controller/dispatcher.rb:106:in `call'
    C:/Ruby192/lib/ruby/gems/1.9.1/gems/rails-2.3.2/lib/rails/rack/static.rb:31:in `call'
    C:/Ruby192/lib/ruby/gems/1.9.1/gems/actionpack-2.3.2/lib/action_controller/vendor/rack-1.0/rack/urlmap.rb:46:in `block in call'
    C:/Ruby192/lib/ruby/gems/1.9.1/gems/actionpack-2.3.2/lib/action_controller/vendor/rack-1.0/rack/urlmap.rb:40:in `each'
    C:/Ruby192/lib/ruby/gems/1.9.1/gems/actionpack-2.3.2/lib/action_controller/vendor/rack-1.0/rack/urlmap.rb:40:in `call'
    C:/Ruby192/lib/ruby/gems/1.9.1/gems/rails-2.3.2/lib/rails/rack/log_tailer.rb:17:in `call'
    C:/Ruby192/lib/ruby/gems/1.9.1/gems/actionpack-2.3.2/lib/action_controller/vendor/rack-1.0/rack/content_length.rb:13:in `call'
    C:/Ruby192/lib/ruby/gems/1.9.1/gems/actionpack-2.3.2/lib/action_controller/vendor/rack-1.0/rack/handler/webrick.rb:46:in `service'
    C:/Ruby192/lib/ruby/1.9.1/webrick/httpserver.rb:111:in `service'
    C:/Ruby192/lib/ruby/1.9.1/webrick/httpserver.rb:70:in `run'
    C:/Ruby192/lib/ruby/1.9.1/webrick/server.rb:183:in `block in start_thread'


Processing ApplicationController#index (for 127.0.0.1 at 2011-11-19 17:45:39) [POST]
  Parameters: {"authenticity_token"=>"+XrAz5y9iijiw/Soc0e5mvUY/KZNqtTLB+wC5XroSBM=", "entry"=>{"title"=>"Test One", "content"=>"<p>This is test 1</p>"}, "commit"=>"Create"}

ActionController::RoutingError (No route matches "/entries" with {:method=>:post}):
  <internal:prelude>:10:in `synchronize'
  C:/Ruby192/lib/ruby/1.9.1/webrick/httpserver.rb:111:in `service'
  C:/Ruby192/lib/ruby/1.9.1/webrick/httpserver.rb:70:in `run'
  C:/Ruby192/lib/ruby/1.9.1/webrick/server.rb:183:in `block in start_thread'

Rendering rescues/layout (not_found)


Processing ApplicationController#index (for 127.0.0.1 at 2011-11-19 17:45:58) [GET]

ActionController::RoutingError (No route matches "/entries" with {:method=>:get}):
  <internal:prelude>:10:in `synchronize'
  C:/Ruby192/lib/ruby/1.9.1/webrick/httpserver.rb:111:in `service'
  C:/Ruby192/lib/ruby/1.9.1/webrick/httpserver.rb:70:in `run'
  C:/Ruby192/lib/ruby/1.9.1/webrick/server.rb:183:in `block in start_thread'

Rendering rescues/layout (not_found)


Processing ApplicationController#index (for 127.0.0.1 at 2011-11-19 17:46:51) [GET]

ActionController::RoutingError (No route matches "/entries/view_all" with {:method=>:get}):
  <internal:prelude>:10:in `synchronize'
  C:/Ruby192/lib/ruby/1.9.1/webrick/httpserver.rb:111:in `service'
  C:/Ruby192/lib/ruby/1.9.1/webrick/httpserver.rb:70:in `run'
  C:/Ruby192/lib/ruby/1.9.1/webrick/server.rb:183:in `block in start_thread'

Rendering rescues/layout (not_found)


Processing ApplicationController#index (for 127.0.0.1 at 2011-11-19 17:47:50) [GET]

ActionController::RoutingError (No route matches "/entries/view_all" with {:method=>:get}):
  <internal:prelude>:10:in `synchronize'
  C:/Ruby192/lib/ruby/1.9.1/webrick/httpserver.rb:111:in `service'
  C:/Ruby192/lib/ruby/1.9.1/webrick/httpserver.rb:70:in `run'
  C:/Ruby192/lib/ruby/1.9.1/webrick/server.rb:183:in `block in start_thread'

Rendering rescues/layout (not_found)


Processing ApplicationController#index (for 127.0.0.1 at 2011-11-19 17:48:34) [GET]

ActionController::RoutingError (No route matches "/entries/list" with {:method=>:get}):
  <internal:prelude>:10:in `synchronize'
  C:/Ruby192/lib/ruby/1.9.1/webrick/httpserver.rb:111:in `service'
  C:/Ruby192/lib/ruby/1.9.1/webrick/httpserver.rb:70:in `run'
  C:/Ruby192/lib/ruby/1.9.1/webrick/server.rb:183:in `block in start_thread'

Rendering rescues/layout (not_found)


Processing ApplicationController#index (for 127.0.0.1 at 2011-11-19 17:51:18) [GET]

ActionController::RoutingError (No route matches "/entries/list" with {:method=>:get}):
  <internal:prelude>:10:in `synchronize'
  C:/Ruby192/lib/ruby/1.9.1/webrick/httpserver.rb:111:in `service'
  C:/Ruby192/lib/ruby/1.9.1/webrick/httpserver.rb:70:in `run'
  C:/Ruby192/lib/ruby/1.9.1/webrick/server.rb:183:in `block in start_thread'

Rendering rescues/layout (not_found)


Processing ApplicationController#index (for 127.0.0.1 at 2011-11-19 17:52:02) [POST]
  Parameters: {"authenticity_token"=>"+XrAz5y9iijiw/Soc0e5mvUY/KZNqtTLB+wC5XroSBM=", "entry"=>{"title"=>"Test Two", "content"=>"<p>This is test 2</p>"}, "commit"=>"Create"}

ActionController::RoutingError (No route matches "/entries" with {:method=>:post}):
  <internal:prelude>:10:in `synchronize'
  C:/Ruby192/lib/ruby/1.9.1/webrick/httpserver.rb:111:in `service'
  C:/Ruby192/lib/ruby/1.9.1/webrick/httpserver.rb:70:in `run'
  C:/Ruby192/lib/ruby/1.9.1/webrick/server.rb:183:in `block in start_thread'

Rendering rescues/layout (not_found)


Processing ApplicationController#index (for 127.0.0.1 at 2011-11-19 17:52:57) [POST]
  Parameters: {"authenticity_token"=>"+XrAz5y9iijiw/Soc0e5mvUY/KZNqtTLB+wC5XroSBM=", "entry"=>{"title"=>"Test Two", "content"=>"<p>This is test 2</p>"}, "commit"=>"Create"}

ActionController::RoutingError (No route matches "/entries" with {:method=>:post}):
  <internal:prelude>:10:in `synchronize'
  C:/Ruby192/lib/ruby/1.9.1/webrick/httpserver.rb:111:in `service'
  C:/Ruby192/lib/ruby/1.9.1/webrick/httpserver.rb:70:in `run'
  C:/Ruby192/lib/ruby/1.9.1/webrick/server.rb:183:in `block in start_thread'

Rendering rescues/layout (not_found)


Processing ApplicationController#index (for 127.0.0.1 at 2011-11-19 17:54:03) [GET]

ActionController::RoutingError (No route matches "/rails/info/properties" with {:method=>:get}):
  <internal:prelude>:10:in `synchronize'
  C:/Ruby192/lib/ruby/1.9.1/webrick/httpserver.rb:111:in `service'
  C:/Ruby192/lib/ruby/1.9.1/webrick/httpserver.rb:70:in `run'
  C:/Ruby192/lib/ruby/1.9.1/webrick/server.rb:183:in `block in start_thread'

Rendering rescues/layout (not_found)


Processing Rails::InfoController#properties (for 127.0.0.1 at 2011-11-19 18:04:40) [GET]
  [4;36;1mSQL (137.0ms)[0m   [0;1m SELECT name
 FROM sqlite_master
 WHERE type = 'table' AND NOT name = 'sqlite_sequence'
[0m
  [4;35;1mSQL (0.0ms)[0m   [0mSELECT version FROM schema_migrations[0m
Completed in 1076ms (View: 190, DB: 137) | 200 OK [http://localhost/rails/info/properties]


Processing EntriesController#view_all (for 127.0.0.1 at 2011-11-19 18:05:10) [GET]
  [4;36;1mEntry Load (1.0ms)[0m   [0;1mSELECT * FROM "entries" ORDER BY created_at DESC[0m
Rendering template within layouts/entries
Rendering entries/view_all
Completed in 1049ms (View: 677, DB: 1) | 200 OK [http://localhost/entries/view_all]


Processing EntriesController#new (for 127.0.0.1 at 2011-11-19 18:05:36) [GET]
Rendering template within layouts/entries
Rendering entries/new
Completed in 159ms (View: 78, DB: 0) | 200 OK [http://localhost/entries/new]


Processing EntriesController#create (for 127.0.0.1 at 2011-11-19 18:06:14) [POST]
  Parameters: {"authenticity_token"=>"+XrAz5y9iijiw/Soc0e5mvUY/KZNqtTLB+wC5XroSBM=", "entry"=>{"title"=>"Test One", "content"=>"<p>This is test 1</p>"}, "commit"=>"Create"}
  [4;35;1mEntry Create (2.0ms)[0m   [0mINSERT INTO "entries" ("title", "content", "created_at", "updated_at") VALUES('Test One', '<p>This is test 1</p>', '2011-11-20 02:06:14', '2011-11-20 02:06:14')[0m
Redirected to http://localhost:3000/entries/1
Completed in 780ms (DB: 2) | 302 Found [http://localhost/entries]


Processing EntriesController#show (for 127.0.0.1 at 2011-11-19 18:06:15) [GET]
  Parameters: {"id"=>"1"}
  [4;36;1mEntry Load (0.0ms)[0m   [0;1mSELECT * FROM "entries" WHERE ("entries"."id" = 1) [0m
Rendering template within layouts/entries
Rendering entries/show
Completed in 62ms (View: 17, DB: 0) | 200 OK [http://localhost/entries/1]


Processing EntriesController#index (for 127.0.0.1 at 2011-11-19 18:06:21) [GET]
  [4;35;1mEntry Load (1.0ms)[0m   [0mSELECT * FROM "entries" [0m
Rendering template within layouts/entries
Rendering entries/index
Completed in 32ms (View: 11, DB: 1) | 200 OK [http://localhost/entries]


Processing EntriesController#new (for 127.0.0.1 at 2011-11-19 18:06:25) [GET]
Rendering template within layouts/entries
Rendering entries/new
Completed in 12ms (View: 3, DB: 0) | 200 OK [http://localhost/entries/new]


Processing EntriesController#create (for 127.0.0.1 at 2011-11-19 18:07:13) [POST]
  Parameters: {"authenticity_token"=>"+XrAz5y9iijiw/Soc0e5mvUY/KZNqtTLB+wC5XroSBM=", "entry"=>{"title"=>"Test Two", "content"=>"<h1 style=\"color: green\">Test 2</h1>"}, "commit"=>"Create"}
  [4;36;1mEntry Create (2.0ms)[0m   [0;1mINSERT INTO "entries" ("title", "content", "created_at", "updated_at") VALUES('Test Two', '<h1 style="color: green">Test 2</h1>', '2011-11-20 02:07:13', '2011-11-20 02:07:13')[0m
Redirected to http://localhost:3000/entries/2
Completed in 32ms (DB: 2) | 302 Found [http://localhost/entries]


Processing EntriesController#show (for 127.0.0.1 at 2011-11-19 18:07:13) [GET]
  Parameters: {"id"=>"2"}
  [4;35;1mEntry Load (0.0ms)[0m   [0mSELECT * FROM "entries" WHERE ("entries"."id" = 2) [0m
Rendering template within layouts/entries
Rendering entries/show
Completed in 12ms (View: 3, DB: 0) | 200 OK [http://localhost/entries/2]


Processing EntriesController#index (for 127.0.0.1 at 2011-11-19 18:07:18) [GET]
  [4;36;1mEntry Load (1.0ms)[0m   [0;1mSELECT * FROM "entries" [0m
Rendering template within layouts/entries
Rendering entries/index
Completed in 45ms (View: 37, DB: 1) | 200 OK [http://localhost/entries]


Processing EntriesController#show (for 127.0.0.1 at 2011-11-19 18:07:35) [GET]
  Parameters: {"id"=>"list_all"}
  [4;35;1mEntry Load (0.0ms)[0m   [0mSELECT * FROM "entries" WHERE ("entries"."id" = 0) [0m

ActiveRecord::RecordNotFound (Couldn't find Entry with ID=list_all):
  app/controllers/entries_controller.rb:23:in `show'
  <internal:prelude>:10:in `synchronize'
  C:/Ruby192/lib/ruby/1.9.1/webrick/httpserver.rb:111:in `service'
  C:/Ruby192/lib/ruby/1.9.1/webrick/httpserver.rb:70:in `run'
  C:/Ruby192/lib/ruby/1.9.1/webrick/server.rb:183:in `block in start_thread'

Rendered rescues/_trace (86.0ms)
Rendered rescues/_request_and_response (16.0ms)
Rendering rescues/layout (not_found)


Processing EntriesController#view_all (for 127.0.0.1 at 2011-11-19 18:08:00) [GET]
  [4;36;1mEntry Load (1.0ms)[0m   [0;1mSELECT * FROM "entries" ORDER BY created_at DESC[0m
Rendering template within layouts/entries
Rendering entries/view_all

ActionView::TemplateError (undefined method `create_at' for #<Entry:0x3769158>) on line #4 of app/views/entries/view_all.html.erb:
1: <% @entries.each do |entry| %>
2: 	<h1><%= entry.title %></h1>
3: 	<p><%= entry.content %></p>
4: 	<p><em>Posted at <%= entry.create_at %></em></p>
5: <% end %>

    app/views/entries/view_all.html.erb:4:in `block in _run_erb_app47views47entries47view_all46html46erb'
    app/views/entries/view_all.html.erb:1:in `each'
    app/views/entries/view_all.html.erb:1
    <internal:prelude>:10:in `synchronize'
    C:/Ruby192/lib/ruby/1.9.1/webrick/httpserver.rb:111:in `service'
    C:/Ruby192/lib/ruby/1.9.1/webrick/httpserver.rb:70:in `run'
    C:/Ruby192/lib/ruby/1.9.1/webrick/server.rb:183:in `block in start_thread'

Rendered rescues/_trace (18.0ms)
Rendered rescues/_request_and_response (0.0ms)
Rendering rescues/layout (internal_server_error)


Processing EntriesController#view_all (for 127.0.0.1 at 2011-11-19 22:38:54) [GET]
  [4;35;1mEntry Load (58.0ms)[0m   [0mSELECT * FROM "entries" ORDER BY created_at DESC[0m
Rendering template within layouts/entries
Rendering entries/view_all
Completed in 6302ms (View: 5989, DB: 58) | 200 OK [http://localhost/entries/view_all]
  [4;36;1mSQL (0.0ms)[0m   [0;1m SELECT name
 FROM sqlite_master
 WHERE type = 'table' AND NOT name = 'sqlite_sequence'
[0m
  [4;35;1mSQL (0.0ms)[0m   [0mSELECT version FROM schema_migrations[0m
Migrating to CreateEntries (20111120003354)
Migrating to AdduserIdToEntries (20111120071125)
  [4;36;1mSQL (0.0ms)[0m   [0;1mselect sqlite_version(*)[0m
  [4;35;1mSQL (2.0ms)[0m   [0mALTER TABLE "entries" ADD "user_id" integer[0m
  [4;36;1mSQL (1.0ms)[0m   [0;1mINSERT INTO schema_migrations (version) VALUES ('20111120071125')[0m
  [4;35;1mSQL (0.0ms)[0m   [0m SELECT name
 FROM sqlite_master
 WHERE type = 'table' AND NOT name = 'sqlite_sequence'
[0m
  [4;36;1mSQL (0.0ms)[0m   [0;1mSELECT version FROM schema_migrations[0m
  [4;35;1mSQL (0.0ms)[0m   [0m SELECT name
 FROM sqlite_master
 WHERE type = 'table' AND NOT name = 'sqlite_sequence'
[0m
  [4;36;1mSQL (0.0ms)[0m   [0;1mPRAGMA index_list("entries")[0m


Processing EntriesController#view_all (for 127.0.0.1 at 2011-11-19 23:23:10) [GET]
  [4;36;1mEntry Load (12.0ms)[0m   [0;1mSELECT * FROM "entries" ORDER BY created_at DESC[0m
Rendering template within layouts/entries
Rendering entries/view_all
Completed in 423ms (View: 30, DB: 12) | 200 OK [http://localhost/entries/view_all]


Processing EntriesController#view_all (for 127.0.0.1 at 2011-11-19 23:23:18) [GET]
  [4;35;1mEntry Load (5.0ms)[0m   [0mSELECT * FROM "entries" ORDER BY created_at DESC[0m
Rendering template within layouts/entries
Rendering entries/view_all
Completed in 54ms (View: 35, DB: 5) | 200 OK [http://localhost/entries/view_all]
